<?xml version="1.0" encoding="UTF-8"?>
<testng-results skipped="0" failed="0" ignored="0" total="4" passed="4">
  <reporter-output>
  </reporter-output>
  <suite name="GroupsTesting" duration-ms="66791" started-at="2018-09-08T07:48:54Z" finished-at="2018-09-08T07:50:01Z">
    <groups>
    </groups>
    <test name="Groups" duration-ms="66791" started-at="2018-09-08T07:48:54Z" finished-at="2018-09-08T07:50:01Z">
      <class name="maven_001.maven_001.MavenEx">
        <test-method status="PASS" signature="launchapp()[pri:0, instance:maven_001.maven_001.MavenEx@578486a3]" name="launchapp" is-config="true" duration-ms="43166" started-at="2018-09-08T07:48:54Z" finished-at="2018-09-08T07:49:37Z">
          <reporter-output>
          </reporter-output>
        </test-method> <!-- launchapp -->
        <test-method status="PASS" signature="contact()[pri:0, instance:maven_001.maven_001.MavenEx@578486a3]" name="contact" duration-ms="874" started-at="2018-09-08T07:49:37Z" finished-at="2018-09-08T07:49:38Z">
          <reporter-output>
          </reporter-output>
        </test-method> <!-- contact -->
        <test-method status="PASS" signature="close()[pri:0, instance:maven_001.maven_001.MavenEx@578486a3]" name="close" is-config="true" duration-ms="613" started-at="2018-09-08T07:49:38Z" finished-at="2018-09-08T07:49:39Z">
          <reporter-output>
          </reporter-output>
        </test-method> <!-- close -->
        <test-method status="PASS" signature="launchapp()[pri:0, instance:maven_001.maven_001.MavenEx@578486a3]" name="launchapp" is-config="true" duration-ms="7932" started-at="2018-09-08T07:49:39Z" finished-at="2018-09-08T07:49:47Z">
          <reporter-output>
          </reporter-output>
        </test-method> <!-- launchapp -->
        <test-method status="PASS" signature="register()[pri:0, instance:maven_001.maven_001.MavenEx@578486a3]" name="register" duration-ms="40" started-at="2018-09-08T07:49:47Z" finished-at="2018-09-08T07:49:47Z">
          <reporter-output>
          </reporter-output>
        </test-method> <!-- register -->
        <test-method status="PASS" signature="close()[pri:0, instance:maven_001.maven_001.MavenEx@578486a3]" name="close" is-config="true" duration-ms="893" started-at="2018-09-08T07:49:47Z" finished-at="2018-09-08T07:49:48Z">
          <reporter-output>
          </reporter-output>
        </test-method> <!-- close -->
        <test-method status="PASS" signature="launchapp()[pri:0, instance:maven_001.maven_001.MavenEx@578486a3]" name="launchapp" is-config="true" duration-ms="6888" started-at="2018-09-08T07:49:48Z" finished-at="2018-09-08T07:49:55Z">
          <reporter-output>
          </reporter-output>
        </test-method> <!-- launchapp -->
        <test-method status="PASS" signature="signon()[pri:0, instance:maven_001.maven_001.MavenEx@578486a3]" name="signon" duration-ms="54" started-at="2018-09-08T07:49:55Z" finished-at="2018-09-08T07:49:55Z">
          <reporter-output>
          </reporter-output>
        </test-method> <!-- signon -->
        <test-method status="PASS" signature="close()[pri:0, instance:maven_001.maven_001.MavenEx@578486a3]" name="close" is-config="true" duration-ms="704" started-at="2018-09-08T07:49:55Z" finished-at="2018-09-08T07:49:55Z">
          <reporter-output>
          </reporter-output>
        </test-method> <!-- close -->
        <test-method status="PASS" signature="launchapp()[pri:0, instance:maven_001.maven_001.MavenEx@578486a3]" name="launchapp" is-config="true" duration-ms="4958" started-at="2018-09-08T07:49:55Z" finished-at="2018-09-08T07:50:00Z">
          <reporter-output>
          </reporter-output>
        </test-method> <!-- launchapp -->
        <test-method status="PASS" signature="support()[pri:0, instance:maven_001.maven_001.MavenEx@578486a3]" name="support" duration-ms="53" started-at="2018-09-08T07:50:00Z" finished-at="2018-09-08T07:50:00Z">
          <reporter-output>
          </reporter-output>
        </test-method> <!-- support -->
        <test-method status="PASS" signature="close()[pri:0, instance:maven_001.maven_001.MavenEx@578486a3]" name="close" is-config="true" duration-ms="591" started-at="2018-09-08T07:50:00Z" finished-at="2018-09-08T07:50:01Z">
          <reporter-output>
          </reporter-output>
        </test-method> <!-- close -->
      </class> <!-- maven_001.maven_001.MavenEx -->
    </test> <!-- Groups -->
  </suite> <!-- GroupsTesting -->
</testng-results>
