<?xml version="1.0" encoding="UTF-8"?>
<testng-results skipped="0" failed="1" ignored="0" total="4" passed="3">
  <reporter-output>
  </reporter-output>
  <suite name="Default suite" duration-ms="28808" started-at="2018-09-11T06:42:18Z" finished-at="2018-09-11T06:42:46Z">
    <groups>
    </groups>
    <test name="Default test" duration-ms="28808" started-at="2018-09-11T06:42:18Z" finished-at="2018-09-11T06:42:46Z">
      <class name="maven_001.maven_001.MavenEx">
        <test-method status="PASS" signature="launchapp()[pri:0, instance:maven_001.maven_001.MavenEx@50d0686]" name="launchapp" is-config="true" duration-ms="9355" started-at="2018-09-11T06:42:18Z" finished-at="2018-09-11T06:42:27Z">
          <reporter-output>
          </reporter-output>
        </test-method> <!-- launchapp -->
        <test-method status="PASS" signature="contact()[pri:0, instance:maven_001.maven_001.MavenEx@50d0686]" name="contact" duration-ms="173" started-at="2018-09-11T06:42:27Z" finished-at="2018-09-11T06:42:27Z">
          <reporter-output>
          </reporter-output>
        </test-method> <!-- contact -->
        <test-method status="PASS" signature="close()[pri:0, instance:maven_001.maven_001.MavenEx@50d0686]" name="close" is-config="true" duration-ms="615" started-at="2018-09-11T06:42:27Z" finished-at="2018-09-11T06:42:28Z">
          <reporter-output>
          </reporter-output>
        </test-method> <!-- close -->
        <test-method status="PASS" signature="launchapp()[pri:0, instance:maven_001.maven_001.MavenEx@50d0686]" name="launchapp" is-config="true" duration-ms="5535" started-at="2018-09-11T06:42:28Z" finished-at="2018-09-11T06:42:33Z">
          <reporter-output>
          </reporter-output>
        </test-method> <!-- launchapp -->
        <test-method status="PASS" signature="register()[pri:0, instance:maven_001.maven_001.MavenEx@50d0686]" name="register" duration-ms="57" started-at="2018-09-11T06:42:33Z" finished-at="2018-09-11T06:42:33Z">
          <reporter-output>
          </reporter-output>
        </test-method> <!-- register -->
        <test-method status="PASS" signature="close()[pri:0, instance:maven_001.maven_001.MavenEx@50d0686]" name="close" is-config="true" duration-ms="623" started-at="2018-09-11T06:42:33Z" finished-at="2018-09-11T06:42:34Z">
          <reporter-output>
          </reporter-output>
        </test-method> <!-- close -->
        <test-method status="PASS" signature="launchapp()[pri:0, instance:maven_001.maven_001.MavenEx@50d0686]" name="launchapp" is-config="true" duration-ms="5345" started-at="2018-09-11T06:42:34Z" finished-at="2018-09-11T06:42:39Z">
          <reporter-output>
          </reporter-output>
        </test-method> <!-- launchapp -->
        <test-method status="PASS" signature="signon()[pri:0, instance:maven_001.maven_001.MavenEx@50d0686]" name="signon" duration-ms="57" started-at="2018-09-11T06:42:39Z" finished-at="2018-09-11T06:42:39Z">
          <reporter-output>
          </reporter-output>
        </test-method> <!-- signon -->
        <test-method status="PASS" signature="close()[pri:0, instance:maven_001.maven_001.MavenEx@50d0686]" name="close" is-config="true" duration-ms="602" started-at="2018-09-11T06:42:39Z" finished-at="2018-09-11T06:42:40Z">
          <reporter-output>
          </reporter-output>
        </test-method> <!-- close -->
        <test-method status="PASS" signature="launchapp()[pri:0, instance:maven_001.maven_001.MavenEx@50d0686]" name="launchapp" is-config="true" duration-ms="5591" started-at="2018-09-11T06:42:40Z" finished-at="2018-09-11T06:42:46Z">
          <reporter-output>
          </reporter-output>
        </test-method> <!-- launchapp -->
        <test-method status="FAIL" signature="support()[pri:0, instance:maven_001.maven_001.MavenEx@50d0686]" name="support" duration-ms="65" started-at="2018-09-11T06:42:46Z" finished-at="2018-09-11T06:42:46Z">
          <exception class="org.openqa.selenium.NoSuchWindowException">
            <message>
              <![CDATA[no such window: target window already closed
from unknown error: web view not found
  (Session info: chrome=68.0.3440.106)
  (Driver info: chromedriver=2.41.578737 (49da6702b16031c40d63e5618de03a32ff6c197e),platform=Windows NT 6.1.7601 SP1 x86_64) (WARNING: The server did not provide any stacktrace information)
Command duration or timeout: 0 milliseconds
Build info: version: '3.14.0', revision: 'aacccce0', time: '2018-08-02T20:19:58.91Z'
System info: host: 'OM-PC', ip: '192.168.56.1', os.name: 'Windows 7', os.arch: 'amd64', os.version: '6.1', java.version: '1.8.0_151'
Driver info: org.openqa.selenium.chrome.ChromeDriver
Capabilities {acceptInsecureCerts: false, acceptSslCerts: false, applicationCacheEnabled: false, browserConnectionEnabled: false, browserName: chrome, chrome: {chromedriverVersion: 2.41.578737 (49da6702b16031..., userDataDir: C:\Users\om\AppData\Local\T...}, cssSelectorsEnabled: true, databaseEnabled: false, goog:chromeOptions: {debuggerAddress: localhost:52089}, handlesAlerts: true, hasTouchScreen: false, javascriptEnabled: true, locationContextEnabled: true, mobileEmulationEnabled: false, nativeEvents: true, networkConnectionEnabled: false, pageLoadStrategy: normal, platform: XP, platformName: XP, rotatable: false, setWindowRect: true, takesHeapSnapshot: true, takesScreenshot: true, unexpectedAlertBehaviour: , unhandledPromptBehavior: , version: 68.0.3440.106, webStorageEnabled: true}
Session ID: fadd903cc1e60c4b306e019af1a4b23b
*** Element info: {Using=xpath, value=//a[text()='SUPPORT']}]]>
            </message>
            <full-stacktrace>
              <![CDATA[org.openqa.selenium.NoSuchWindowException: no such window: target window already closed
from unknown error: web view not found
  (Session info: chrome=68.0.3440.106)
  (Driver info: chromedriver=2.41.578737 (49da6702b16031c40d63e5618de03a32ff6c197e),platform=Windows NT 6.1.7601 SP1 x86_64) (WARNING: The server did not provide any stacktrace information)
Command duration or timeout: 0 milliseconds
Build info: version: '3.14.0', revision: 'aacccce0', time: '2018-08-02T20:19:58.91Z'
System info: host: 'OM-PC', ip: '192.168.56.1', os.name: 'Windows 7', os.arch: 'amd64', os.version: '6.1', java.version: '1.8.0_151'
Driver info: org.openqa.selenium.chrome.ChromeDriver
Capabilities {acceptInsecureCerts: false, acceptSslCerts: false, applicationCacheEnabled: false, browserConnectionEnabled: false, browserName: chrome, chrome: {chromedriverVersion: 2.41.578737 (49da6702b16031..., userDataDir: C:\Users\om\AppData\Local\T...}, cssSelectorsEnabled: true, databaseEnabled: false, goog:chromeOptions: {debuggerAddress: localhost:52089}, handlesAlerts: true, hasTouchScreen: false, javascriptEnabled: true, locationContextEnabled: true, mobileEmulationEnabled: false, nativeEvents: true, networkConnectionEnabled: false, pageLoadStrategy: normal, platform: XP, platformName: XP, rotatable: false, setWindowRect: true, takesHeapSnapshot: true, takesScreenshot: true, unexpectedAlertBehaviour: , unhandledPromptBehavior: , version: 68.0.3440.106, webStorageEnabled: true}
Session ID: fadd903cc1e60c4b306e019af1a4b23b
*** Element info: {Using=xpath, value=//a[text()='SUPPORT']}
at sun.reflect.NativeConstructorAccessorImpl.newInstance0(Native Method)
at sun.reflect.NativeConstructorAccessorImpl.newInstance(NativeConstructorAccessorImpl.java:62)
at sun.reflect.DelegatingConstructorAccessorImpl.newInstance(DelegatingConstructorAccessorImpl.java:45)
at java.lang.reflect.Constructor.newInstance(Constructor.java:423)
at org.openqa.selenium.remote.ErrorHandler.createThrowable(ErrorHandler.java:214)
at org.openqa.selenium.remote.ErrorHandler.throwIfResponseFailed(ErrorHandler.java:166)
at org.openqa.selenium.remote.http.JsonHttpResponseCodec.reconstructValue(JsonHttpResponseCodec.java:40)
at org.openqa.selenium.remote.http.AbstractHttpResponseCodec.decode(AbstractHttpResponseCodec.java:80)
at org.openqa.selenium.remote.http.AbstractHttpResponseCodec.decode(AbstractHttpResponseCodec.java:44)
at org.openqa.selenium.remote.HttpCommandExecutor.execute(HttpCommandExecutor.java:158)
at org.openqa.selenium.remote.service.DriverCommandExecutor.execute(DriverCommandExecutor.java:83)
at org.openqa.selenium.remote.RemoteWebDriver.execute(RemoteWebDriver.java:548)
at org.openqa.selenium.remote.RemoteWebDriver.findElement(RemoteWebDriver.java:322)
at org.openqa.selenium.remote.RemoteWebDriver.findElementByXPath(RemoteWebDriver.java:424)
at org.openqa.selenium.By$ByXPath.findElement(By.java:353)
at org.openqa.selenium.remote.RemoteWebDriver.findElement(RemoteWebDriver.java:314)
at maven_001.maven_001.MavenEx.support(MavenEx.java:44)
at sun.reflect.NativeMethodAccessorImpl.invoke0(Native Method)
at sun.reflect.NativeMethodAccessorImpl.invoke(NativeMethodAccessorImpl.java:62)
at sun.reflect.DelegatingMethodAccessorImpl.invoke(DelegatingMethodAccessorImpl.java:43)
at java.lang.reflect.Method.invoke(Method.java:498)
at org.testng.internal.MethodInvocationHelper.invokeMethod(MethodInvocationHelper.java:124)
at org.testng.internal.Invoker.invokeMethod(Invoker.java:583)
at org.testng.internal.Invoker.invokeTestMethod(Invoker.java:719)
at org.testng.internal.Invoker.invokeTestMethods(Invoker.java:989)
at org.testng.internal.TestMethodWorker.invokeTestMethods(TestMethodWorker.java:125)
at org.testng.internal.TestMethodWorker.run(TestMethodWorker.java:109)
at org.testng.TestRunner.privateRun(TestRunner.java:648)
at org.testng.TestRunner.run(TestRunner.java:505)
at org.testng.SuiteRunner.runTest(SuiteRunner.java:455)
at org.testng.SuiteRunner.runSequentially(SuiteRunner.java:450)
at org.testng.SuiteRunner.privateRun(SuiteRunner.java:415)
at org.testng.SuiteRunner.run(SuiteRunner.java:364)
at org.testng.SuiteRunnerWorker.runSuite(SuiteRunnerWorker.java:52)
at org.testng.SuiteRunnerWorker.run(SuiteRunnerWorker.java:84)
at org.testng.TestNG.runSuitesSequentially(TestNG.java:1208)
at org.testng.TestNG.runSuitesLocally(TestNG.java:1137)
at org.testng.TestNG.runSuites(TestNG.java:1049)
at org.testng.TestNG.run(TestNG.java:1017)
at org.testng.remote.AbstractRemoteTestNG.run(AbstractRemoteTestNG.java:114)
at org.testng.remote.RemoteTestNG.initAndRun(RemoteTestNG.java:251)
at org.testng.remote.RemoteTestNG.main(RemoteTestNG.java:77)
]]>
            </full-stacktrace>
          </exception> <!-- org.openqa.selenium.NoSuchWindowException -->
          <reporter-output>
          </reporter-output>
        </test-method> <!-- support -->
        <test-method status="PASS" signature="close()[pri:0, instance:maven_001.maven_001.MavenEx@50d0686]" name="close" is-config="true" duration-ms="699" started-at="2018-09-11T06:42:46Z" finished-at="2018-09-11T06:42:46Z">
          <reporter-output>
          </reporter-output>
        </test-method> <!-- close -->
      </class> <!-- maven_001.maven_001.MavenEx -->
    </test> <!-- Default test -->
  </suite> <!-- Default suite -->
</testng-results>
