<?xml version="1.0" encoding="UTF-8"?>
<!-- Generated by org.testng.reporters.JUnitXMLReporter -->
<testsuite hostname="om-PC" ignored="0" name="Groups" tests="4" failures="0" timestamp="08 Sep 2018 07:50:01 GMT" time="66.791" errors="0">
  <testcase name="contact" time="0.874" classname="maven_001.maven_001.MavenEx"/>
  <testcase name="register" time="0.04" classname="maven_001.maven_001.MavenEx"/>
  <testcase name="signon" time="0.054" classname="maven_001.maven_001.MavenEx"/>
  <testcase name="support" time="0.053" classname="maven_001.maven_001.MavenEx"/>
</testsuite> <!-- Groups -->
